wechatpay/build/intermediates/manifest_merge_blame_file/release/manifest-merger-blame-release-report.txt
1<?xml version="1.0" encoding="utf-8"?>
2<manifest xmlns:android="http://schemas.android.com/apk/res/android"
3    package="com.stripe.android.payments.wechatpay" >
4
5    <uses-sdk
6        android:minSdkVersion="21"
6-->src/main/AndroidManifest.xml
7        android:targetSdkVersion="31" />
7-->src/main/AndroidManifest.xml
8
9    <!--
10         WeChat Pay SDK will try to open the WeChat app installed on the device, the queries tag
11         is necessary to make WeChat app package visible for the app post Android 11
12    -->
13    <queries>
13-->src/main/AndroidManifest.xml:7:5-9:15
14        <package android:name="com.tencent.mm" />
14-->src/main/AndroidManifest.xml:8:9-50
14-->src/main/AndroidManifest.xml:8:18-47
15    </queries>
16
17    <application>
17-->src/main/AndroidManifest.xml:11:5-18:19
18
19        <!--
20        singleTop launchMode is required to capture callback from WeChat SDK
21        through Activity#onNewIntent
22        -->
23        <activity
23-->src/main/AndroidManifest.xml:14:9-17:46
24            android:name="com.stripe.android.payments.wechatpay.WeChatPayAuthActivity"
24-->src/main/AndroidManifest.xml:15:13-50
25            android:exported="true"
25-->src/main/AndroidManifest.xml:16:13-36
26            android:launchMode="singleTop" />
26-->src/main/AndroidManifest.xml:17:13-43
27    </application>
28
29</manifest>